2021-04-18 12:11:54 INFO  Log4j:8 - Test is Starting...
2021-04-18 12:14:26 INFO  Log4j:8 - Test is Starting...
2021-04-18 12:43:27 INFO  Log4j:8 - Test is Starting...
2021-04-18 12:46:36 INFO  Log4j:8 - Test is Starting...
2021-04-18 12:53:10 INFO  Log4j:8 - Test is Starting...
2021-04-18 12:59:19 INFO  Log4j:8 - Test is Starting...
2021-04-18 13:00:40 INFO  Log4j:8 - Test is Starting...
2021-04-18 13:08:37 INFO  Log4j:8 - Test is Starting...
2021-04-18 13:20:28 INFO  Log4j:8 - Test is Starting...
2021-04-18 13:25:46 INFO  Log4j:8 - Test is Starting...
2021-04-18 13:27:39 INFO  Log4j:8 - Test is Starting...
2021-04-18 13:28:40 INFO  Log4j:8 - Test is Starting...
2021-04-18 13:30:24 INFO  Log4j:8 - Test is Starting...
2021-04-18 13:31:40 INFO  Log4j:8 - Test is Starting...
2021-04-18 13:32:25 INFO  Log4j:8 - Test is Starting...
2021-04-18 13:34:35 INFO  Log4j:8 - Test is Starting...
2021-04-18 13:35:25 INFO  Log4j:8 - Test is Starting...
2021-04-18 13:37:19 INFO  Log4j:8 - Test is Starting...
2021-04-18 13:38:59 INFO  Log4j:8 - Test is Starting...
2021-04-18 13:39:48 INFO  Log4j:8 - Test is Starting...
2021-04-18 13:42:08 INFO  Log4j:8 - Test is Starting...
2021-04-18 13:44:35 INFO  Log4j:8 - Test is Starting...
2021-04-18 13:48:09 INFO  Log4j:8 - Test is Starting...
2021-04-18 13:48:46 INFO  Log4j:8 - Test is Starting...
2021-04-18 13:49:15 INFO  Log4j:8 - Test is Starting...
2021-04-18 13:49:31 INFO  Log4j:8 - Test is Starting...
2021-04-18 14:01:25 INFO  Log4j:8 - Test is Starting...
2021-04-18 14:03:14 INFO  Log4j:8 - Test is Starting...
2021-04-18 14:03:53 INFO  Log4j:8 - Test is Starting...
2021-04-18 14:04:08 INFO  Log4j:8 - Test is Starting...
2021-04-18 14:06:43 INFO  Log4j:8 - Test is Starting...
2021-04-18 14:36:20 INFO  Log4j:8 - Test is Starting...
2021-04-18 15:14:54 INFO  Log4j:8 - Test is Starting...
2021-04-18 15:18:47 INFO  Log4j:8 - Test is Starting...
2021-04-18 15:21:30 INFO  Log4j:8 - Test is Starting...
2021-04-18 15:29:30 INFO  Log4j:8 - Test is Starting...
2021-04-18 15:45:28 INFO  Log4j:8 - Test is Starting...
2021-04-18 16:03:36 INFO  Log4j:8 - Test is Starting...
2021-04-18 16:04:37 INFO  Log4j:8 - Test is Starting...
2021-04-18 19:30:45 INFO  Log4j:18 - Price on the product page is equal to the price in the basket.
2021-04-18 19:35:09 INFO  Log4j:18 - Price on the product page is equal to the price in the basket.
2021-04-18 19:36:35 INFO  Log4j:18 - Price on the product page is equal to the price in the basket.
2021-04-18 19:41:55 INFO  Log4j:18 - Price on the product page is equal to the price in the basket.
2021-04-18 19:43:07 INFO  Log4j:18 - Price on the product page is equal to the price in the basket.
2021-04-18 19:44:28 INFO  Log4j:18 - Price on the product page is equal to the price in the basket.
2021-04-18 19:46:46 INFO  Log4j:18 - Price on the product page is equal to the price in the basket.
2021-04-18 19:47:26 INFO  Log4j:18 - Price on the product page is equal to the price in the basket.
2021-04-18 19:49:32 INFO  Log4j:18 - Price on the product page is equal to the price in the basket.
2021-04-18 19:50:21 INFO  Log4j:18 - Price on the product page is equal to the price in the basket.
2021-04-18 19:53:52 INFO  Log4j:18 - Price on the product page is equal to the price in the basket.
2021-04-18 19:53:54 INFO  Log4j:18 - The number of products is correct
2021-04-18 20:02:07 INFO  Log4j:18 - Price on the product page is equal to the price in the basket.
2021-04-18 20:02:09 INFO  Log4j:18 - The number of products is correct
2021-04-18 20:08:51 INFO  Log4j:18 - Price on the product page is equal to the price in the basket.
2021-04-18 20:08:53 INFO  Log4j:18 - The number of products is correct
2021-04-18 20:18:10 INFO  Log4j:18 - Price on the product page is equal to the price in the basket.
2021-04-18 20:18:12 INFO  Log4j:18 - The number of products is correct
2021-04-18 20:20:25 INFO  Log4j:18 - Price on the product page is equal to the price in the basket.
2021-04-18 20:20:27 INFO  Log4j:18 - The number of products is correct
2021-04-18 20:21:06 INFO  Log4j:18 - Price on the product page is equal to the price in the basket.
2021-04-18 20:21:08 INFO  Log4j:18 - The number of products is correct
2021-04-18 20:22:20 INFO  Log4j:18 - Price on the product page is equal to the price in the basket.
2021-04-18 20:22:22 INFO  Log4j:18 - The number of products is correct
2021-04-18 20:25:50 INFO  Log4j:18 - Price on the product page is equal to the price in the basket.
2021-04-18 20:25:52 INFO  Log4j:18 - The number of products is correct
2021-04-18 20:29:09 INFO  Log4j:18 - Price on the product page is equal to the price in the basket.
2021-04-18 20:29:11 INFO  Log4j:18 - The number of products is correct
2021-04-18 20:30:05 INFO  Log4j:18 - Price on the product page is equal to the price in the basket.
2021-04-18 20:30:07 INFO  Log4j:18 - The number of products is correct
2021-04-18 20:33:36 INFO  Log4j:18 - Price on the product page is equal to the price in the basket.
2021-04-18 20:33:38 INFO  Log4j:18 - The number of products is correct
2021-04-18 20:43:49 INFO  Log4j:18 - Price on the product page is equal to the price in the basket.
2021-04-18 20:43:51 INFO  Log4j:18 - The number of products is correct
2021-04-18 20:44:43 INFO  Log4j:18 - Price on the product page is equal to the price in the basket.
2021-04-18 20:44:45 INFO  Log4j:18 - The number of products is correct
2021-04-18 20:53:27 INFO  Log4j:18 - Price on the product page is equal to the price in the basket.
2021-04-18 20:53:28 INFO  Log4j:18 - The number of products is correct
2021-04-18 20:55:45 INFO  Log4j:18 - Price on the product page is equal to the price in the basket.
2021-04-18 20:55:47 INFO  Log4j:18 - The number of products is correct
2021-04-18 20:56:20 INFO  Log4j:18 - Price on the product page is equal to the price in the basket.
2021-04-18 20:56:22 INFO  Log4j:18 - The number of products is correct
2021-04-18 20:58:46 INFO  Log4j:18 - Price on the product page is equal to the price in the basket.
2021-04-18 20:58:48 INFO  Log4j:18 - The number of products is correct
2021-04-18 21:00:06 INFO  Log4j:18 - Price on the product page is equal to the price in the basket.
2021-04-18 21:00:08 INFO  Log4j:18 - The number of products is correct
2021-04-18 21:03:42 INFO  Log4j:18 - Price on the product page is equal to the price in the basket.
2021-04-18 21:03:44 INFO  Log4j:18 - The number of products is correct
2021-04-18 21:06:00 INFO  Log4j:18 - Price on the product page is equal to the price in the basket.
2021-04-18 21:06:07 INFO  Log4j:18 - The number of products is correct
2021-04-18 21:10:03 INFO  Log4j:18 - Price on the product page is equal to the price in the basket.
2021-04-18 21:10:05 INFO  Log4j:18 - The number of products is correct
2021-04-18 21:11:31 INFO  Log4j:18 - Price on the product page is equal to the price in the basket.
2021-04-18 21:11:33 INFO  Log4j:18 - The number of products is correct
2021-04-18 21:13:55 INFO  Log4j:18 - Price on the product page is equal to the price in the basket.
2021-04-18 21:13:57 INFO  Log4j:18 - The number of products is correct
2021-04-18 21:14:31 INFO  Log4j:18 - Price on the product page is equal to the price in the basket.
2021-04-18 21:14:33 INFO  Log4j:18 - The number of products is correct
2021-04-18 21:16:09 INFO  Log4j:18 - Price on the product page is equal to the price in the basket.
2021-04-18 21:16:13 INFO  Log4j:18 - The number of products is correct
2021-04-18 21:16:52 INFO  Log4j:18 - Price on the product page is equal to the price in the basket.
2021-04-18 21:16:54 INFO  Log4j:18 - The number of products is correct
2021-04-18 21:19:05 INFO  Log4j:18 - Price on the product page is equal to the price in the basket.
2021-04-18 21:19:09 INFO  Log4j:18 - The number of products is correct
2021-04-18 21:22:33 INFO  Log4j:18 - Price on the product page is equal to the price in the basket.
2021-04-18 21:22:35 INFO  Log4j:18 - The number of products is correct
2021-04-18 21:34:16 INFO  Log4j:18 - Price on the product page is equal to the price in the basket.
2021-04-18 21:34:22 INFO  Log4j:18 - The number of products is correct
2021-04-18 21:35:06 INFO  Log4j:18 - Price on the product page is equal to the price in the basket.
2021-04-18 21:35:08 INFO  Log4j:18 - The number of products is correct
2021-04-18 21:37:38 INFO  Log4j:18 - Price on the product page is equal to the price in the basket.
2021-04-18 21:37:42 INFO  Log4j:18 - The number of products is correct
2021-04-18 21:39:28 INFO  Log4j:18 - Price on the product page is equal to the price in the basket.
2021-04-18 21:39:30 INFO  Log4j:18 - The number of products is correct
2021-04-18 21:41:55 INFO  Log4j:18 - Price on the product page is equal to the price in the basket.
2021-04-18 21:41:56 INFO  Log4j:18 - The number of products is correct
2021-04-18 21:45:50 INFO  Log4j:18 - Price on the product page is equal to the price in the basket.
2021-04-18 21:45:52 INFO  Log4j:18 - The number of products is correct
2021-04-18 21:47:18 INFO  Log4j:18 - Price on the product page is equal to the price in the basket.
2021-04-18 21:47:20 INFO  Log4j:18 - The number of products is correct
2021-04-18 21:48:08 INFO  Log4j:18 - Price on the product page is equal to the price in the basket.
2021-04-18 21:48:10 INFO  Log4j:18 - The number of products is correct
2021-04-18 21:56:05 INFO  Log4j:18 - Price on the product page is equal to the price in the basket.
2021-04-18 21:56:11 INFO  Log4j:18 - The number of products is correct
2021-04-18 22:05:09 INFO  Log4j:18 - Price on the product page is equal to the price in the basket.
2021-04-18 22:05:14 INFO  Log4j:18 - The number of products is correct
2021-04-18 22:08:44 INFO  Log4j:18 - Price on the product page is equal to the price in the basket.
2021-04-18 22:08:46 INFO  Log4j:18 - The number of products is correct
2021-04-18 22:12:46 INFO  Log4j:18 - Price on the product page is equal to the price in the basket.
2021-04-18 22:12:50 INFO  Log4j:18 - The number of products is correct
2021-04-18 22:15:54 INFO  Log4j:18 - Price on the product page is equal to the price in the basket.
2021-04-18 22:15:56 INFO  Log4j:18 - The number of products is correct
2021-04-18 22:16:53 INFO  Log4j:18 - Price on the product page is equal to the price in the basket.
2021-04-18 22:16:55 INFO  Log4j:18 - The number of products is correct
2021-04-18 22:20:11 INFO  Log4j:18 - Price on the product page is equal to the price in the basket.
2021-04-18 22:20:14 INFO  Log4j:18 - The number of products is correct
2021-04-18 22:25:12 INFO  Log4j:18 - Price on the product page is equal to the price in the basket.
2021-04-18 22:25:14 INFO  Log4j:18 - The number of products is correct
2021-04-18 22:25:55 INFO  Log4j:18 - Price on the product page is equal to the price in the basket.
2021-04-18 22:25:58 INFO  Log4j:18 - The number of products is correct
2021-04-18 22:27:46 INFO  Log4j:18 - Price on the product page is equal to the price in the basket.
2021-04-18 22:27:48 INFO  Log4j:18 - The number of products is correct
2021-04-18 22:28:35 INFO  Log4j:18 - Price on the product page is equal to the price in the basket.
2021-04-18 22:28:37 INFO  Log4j:18 - The number of products is correct
2021-04-18 22:32:44 INFO  Log4j:18 - Price on the product page is equal to the price in the basket.
2021-04-18 22:32:46 INFO  Log4j:18 - The number of products is correct
2021-04-18 22:32:47 INFO  Log4j:18 - Basket is empty
2021-04-18 22:33:24 INFO  Log4j:18 - Price on the product page is equal to the price in the basket.
2021-04-18 22:33:26 INFO  Log4j:18 - The number of products is correct
2021-04-18 22:35:35 INFO  Log4j:18 - Price on the product page is equal to the price in the basket.
2021-04-18 22:35:38 INFO  Log4j:18 - The number of products is correct
2021-04-18 22:35:38 INFO  Log4j:18 - Basket is empty
2021-04-18 22:35:38 INFO  Log4j:13 - Test is Ending...
2021-04-18 22:40:22 INFO  Log4j:8 - Test is Starting...
2021-04-18 22:40:36 INFO  Log4j:18 - Price on the product page is equal to the price in the basket.
2021-04-18 22:40:38 INFO  Log4j:18 - The number of products is correct
2021-04-18 22:40:38 INFO  Log4j:18 - Basket is empty
2021-04-18 22:40:38 INFO  Log4j:13 - Test is Ending...
2021-04-18 22:41:35 INFO  Log4j:8 - Test is Starting...
2021-04-18 22:41:49 INFO  Log4j:13 - Test is Ending...
2021-04-18 22:44:00 INFO  Log4j:8 - Test is Starting...
2021-04-18 22:44:02 INFO  Log4j:13 - Test is Ending...
2021-04-18 22:44:46 INFO  Log4j:8 - Test is Starting...
2021-04-18 22:45:01 INFO  Log4j:18 - Price on the product page is equal to the price in the basket.
2021-04-18 22:45:06 INFO  Log4j:18 - The number of products is correct
2021-04-18 22:45:06 INFO  Log4j:18 - Basket is empty
2021-04-18 22:45:11 INFO  Log4j:13 - Test is Ending...
2021-04-18 22:52:33 INFO  Log4j:8 - Test is Starting...
2021-04-18 22:52:44 INFO  Log4j:18 - Price on the product page is equal to the price in the basket.
2021-04-18 22:52:45 INFO  Log4j:13 - Test is Ending...
2021-04-18 23:04:43 INFO  Log4j:8 - Test is Starting...
2021-04-18 23:04:59 INFO  Log4j:18 - Price on the product page is equal to the price in the basket.
2021-04-18 23:05:01 INFO  Log4j:18 - The number of products is correct
2021-04-18 23:05:01 INFO  Log4j:18 - Basket is empty
2021-04-18 23:05:06 INFO  Log4j:13 - Test is Ending...
2021-04-18 23:05:20 INFO  Log4j:8 - Test is Starting...
2021-04-18 23:05:32 INFO  Log4j:13 - Test is Ending...
2021-04-18 23:08:06 INFO  Log4j:8 - Test is Starting...
2021-04-18 23:08:18 INFO  Log4j:18 - Price on the product page is equal to the price in the basket.
2021-04-18 23:08:20 INFO  Log4j:18 - The number of products is correct
2021-04-18 23:08:20 INFO  Log4j:18 - Basket is empty
2021-04-18 23:08:25 INFO  Log4j:13 - Test is Ending...
2021-04-18 23:16:15 INFO  Log4j:8 - Test is Starting...
2021-04-18 23:16:29 INFO  Log4j:18 - Price on the product page is equal to the price in the basket.
2021-04-18 23:16:32 INFO  Log4j:18 - The number of products is correct
2021-04-18 23:16:32 INFO  Log4j:18 - Basket is empty
2021-04-18 23:16:37 INFO  Log4j:13 - Test is Ending...
2021-04-18 23:16:52 INFO  Log4j:8 - Test is Starting...
2021-04-18 23:17:05 INFO  Log4j:13 - Test is Ending...
